C51 COMPILER V7.06   LED                                                                   10/09/2020 21:13:11 PAGE 1   


C51 COMPILER V7.06, COMPILATION OF MODULE LED
OBJECT MODULE PLACED IN LED.OBJ
COMPILER INVOKED BY: C:\Keil\C51\BIN\C51.EXE LED.C BROWSE DEBUG OBJECTEXTEND

stmt level    source

   1          sfr P1 = 0x90;          //ÌØÊâ¹¦ÄÜ¼Ä´æÆ÷
   2          
   3          main()
   4          {
   5   1       P1 = 0xfd;
   6   1      }


MODULE INFORMATION:   STATIC OVERLAYABLE
   CODE SIZE        =      4    ----
   CONSTANT SIZE    =   ----    ----
   XDATA SIZE       =   ----    ----
   PDATA SIZE       =   ----    ----
   DATA SIZE        =   ----    ----
   IDATA SIZE       =   ----    ----
   BIT SIZE         =   ----    ----
END OF MODULE INFORMATION.


C51 COMPILATION COMPLETE.  0 WARNING(S),  0 ERROR(S)
